{"uid":"af62859d5220749f","name":"Get column number by header name in a table without a <thead>","fullName":"com.cdTester.tests.selenium.web.tables.TablesTest.colNumberByHeaderWithoutTHead","historyId":"648e1f65fd5fd8061afe48a722221e5f","time":{"start":1764948532165,"stop":1764948532698,"duration":533},"description":"","status":"broken","statusMessage":"NoSuchElementException: column header not found for InContinent","statusTrace":"java.util.NoSuchElementException: NoSuchElementException: column header not found for InContinent\n\tat com.cdTester.pages.selenium.web.TablesPage.getColumnNumberByHeader(TablesPage.java:104)\n\tat com.cdTester.tests.selenium.web.tables.TablesTest.lambda$colNumberByHeaderWithoutTHead$6(TablesTest.java:84)\n\tat io.qameta.allure.Allure.lambda$step$3(Allure.java:152)\n\tat io.qameta.allure.Allure.step(Allure.java:181)\n\tat io.qameta.allure.Allure.step(Allure.java:150)\n\tat com.cdTester.tests.selenium.web.tables.TablesTest.colNumberByHeaderWithoutTHead(TablesTest.java:83)\n","flaky":false,"newFailed":false,"newBroken":false,"newPassed":false,"retriesCount":0,"retriesStatusChange":false,"beforeStages":[],"testStage":{"description":"","status":"broken","statusMessage":"NoSuchElementException: column header not found for InContinent","statusTrace":"java.util.NoSuchElementException: NoSuchElementException: column header not found for InContinent\n\tat com.cdTester.pages.selenium.web.TablesPage.getColumnNumberByHeader(TablesPage.java:104)\n\tat com.cdTester.tests.selenium.web.tables.TablesTest.lambda$colNumberByHeaderWithoutTHead$6(TablesTest.java:84)\n\tat io.qameta.allure.Allure.lambda$step$3(Allure.java:152)\n\tat io.qameta.allure.Allure.step(Allure.java:181)\n\tat io.qameta.allure.Allure.step(Allure.java:150)\n\tat com.cdTester.tests.selenium.web.tables.TablesTest.colNumberByHeaderWithoutTHead(TablesTest.java:83)\n","steps":[{"name":"GIVEN ChromeDriver has been initiated","time":{"start":1764948532166,"stop":1764948532454,"duration":288},"status":"passed","steps":[{"name":"ChromeOptions","time":{"start":1764948532166,"stop":1764948532166,"duration":0},"status":"passed","steps":[],"attachments":[],"parameters":[{"name":"Options","value":"Capabilities {browserName: chrome, goog:chromeOptions: {args: [disable-search-engine-choic..., --headless=new], extensions: []}, timeouts: {implicit: 0}}"}],"stepsCount":0,"shouldDisplayMessage":false,"attachmentsCount":0,"hasContent":true,"attachmentStep":false},{"name":"Starting ChromeDriver","time":{"start":1764948532166,"stop":1764948532454,"duration":288},"status":"passed","steps":[],"attachments":[],"parameters":[{"name":"Driver","value":"ChromeDriver: chrome on linux (b8e22b4dd14cda740cd830d8fe4d66f4)"}],"stepsCount":0,"shouldDisplayMessage":false,"attachmentsCount":0,"hasContent":true,"attachmentStep":false}],"attachments":[],"parameters":[],"stepsCount":2,"shouldDisplayMessage":false,"attachmentsCount":0,"hasContent":true,"attachmentStep":false},{"name":"AND the web page has loaded","time":{"start":1764948532454,"stop":1764948532495,"duration":41},"status":"passed","steps":[],"attachments":[],"parameters":[{"name":"URL","value":"file:///home/runner/work/JUnit-Selenium/JUnit-Selenium/src/test/resources/tables.html"},{"name":"Window title","value":"Tables"}],"stepsCount":0,"shouldDisplayMessage":false,"attachmentsCount":0,"hasContent":true,"attachmentStep":false},{"name":"AND the table is present on the page","time":{"start":1764948532497,"stop":1764948532546,"duration":49},"status":"passed","steps":[],"attachments":[],"parameters":[{"name":"Table id:","value":"headerUnderTbody"},{"name":"Table data:","value":"Country Capital Continent\nEngland London Europe\nIndia New Delhi Asia"}],"stepsCount":0,"shouldDisplayMessage":false,"attachmentsCount":0,"hasContent":true,"attachmentStep":false},{"name":"WHEN the 'Continent' header is found in a table without a <thead>","time":{"start":1764948532546,"stop":1764948532581,"duration":35},"status":"broken","statusMessage":"NoSuchElementException: column header not found for InContinent","statusTrace":"java.util.NoSuchElementException: NoSuchElementException: column header not found for InContinent\n\tat com.cdTester.pages.selenium.web.TablesPage.getColumnNumberByHeader(TablesPage.java:104)\n\tat com.cdTester.tests.selenium.web.tables.TablesTest.lambda$colNumberByHeaderWithoutTHead$6(TablesTest.java:84)\n\tat io.qameta.allure.Allure.lambda$step$3(Allure.java:152)\n\tat io.qameta.allure.Allure.step(Allure.java:181)\n\tat io.qameta.allure.Allure.step(Allure.java:150)\n\tat com.cdTester.tests.selenium.web.tables.TablesTest.colNumberByHeaderWithoutTHead(TablesTest.java:83)\n\tat java.base/jdk.internal.reflect.DirectMethodHandleAccessor.invoke(DirectMethodHandleAccessor.java:103)\n\tat java.base/java.lang.reflect.Method.invoke(Method.java:580)\n\tat org.junit.platform.commons.util.ReflectionUtils.invokeMethod(ReflectionUtils.java:701)\n\tat org.junit.platform.commons.support.ReflectionSupport.invokeMethod(ReflectionSupport.java:502)\n\tat org.junit.jupiter.engine.support.MethodReflectionUtils.invoke(MethodReflectionUtils.java:45)\n\tat org.junit.jupiter.engine.execution.MethodInvocation.proceed(MethodInvocation.java:61)\n\tat org.junit.jupiter.engine.execution.InvocationInterceptorChain$ValidatingInvocation.proceed(InvocationInterceptorChain.java:124)\n\tat org.junit.jupiter.engine.extension.TimeoutExtension.intercept(TimeoutExtension.java:163)\n\tat org.junit.jupiter.engine.extension.TimeoutExtension.interceptTestableMethod(TimeoutExtension.java:148)\n\tat org.junit.jupiter.engine.extension.TimeoutExtension.interceptTestMethod(TimeoutExtension.java:86)\n\tat org.junit.jupiter.engine.execution.InterceptingExecutableInvoker$ReflectiveInterceptorCall.lambda$ofVoidMethod$0(InterceptingExecutableInvoker.java:123)\n\tat org.junit.jupiter.engine.execution.InterceptingExecutableInvoker.lambda$invoke$0(InterceptingExecutableInvoker.java:105)\n\tat org.junit.jupiter.engine.execution.InvocationInterceptorChain$InterceptedInvocation.proceed(InvocationInterceptorChain.java:99)\n\tat org.junit.jupiter.engine.execution.InvocationInterceptorChain.proceed(InvocationInterceptorChain.java:66)\n\tat org.junit.jupiter.engine.execution.InvocationInterceptorChain.chainAndInvoke(InvocationInterceptorChain.java:47)\n\tat org.junit.jupiter.engine.execution.InvocationInterceptorChain.invoke(InvocationInterceptorChain.java:39)\n\tat org.junit.jupiter.engine.execution.InterceptingExecutableInvoker.invoke(InterceptingExecutableInvoker.java:104)\n\tat org.junit.jupiter.engine.execution.InterceptingExecutableInvoker.invoke(InterceptingExecutableInvoker.java:98)\n\tat org.junit.jupiter.engine.execution.InterceptingExecutableInvoker.invokeVoid(InterceptingExecutableInvoker.java:71)\n\tat org.junit.jupiter.engine.descriptor.TestMethodTestDescriptor.lambda$invokeTestMethod$0(TestMethodTestDescriptor.java:219)\n\tat org.junit.platform.engine.support.hierarchical.ThrowableCollector.execute(ThrowableCollector.java:74)\n\tat org.junit.jupiter.engine.descriptor.TestMethodTestDescriptor.invokeTestMethod(TestMethodTestDescriptor.java:215)\n\tat org.junit.jupiter.engine.descriptor.TestMethodTestDescriptor.execute(TestMethodTestDescriptor.java:157)\n\tat org.junit.jupiter.engine.descriptor.TestMethodTestDescriptor.execute(TestMethodTestDescriptor.java:70)\n\tat org.junit.platform.engine.support.hierarchical.NodeTestTask.lambda$executeRecursively$2(NodeTestTask.java:176)\n\tat org.junit.platform.engine.support.hierarchical.ThrowableCollector.execute(ThrowableCollector.java:74)\n\tat org.junit.platform.engine.support.hierarchical.NodeTestTask.lambda$executeRecursively$1(NodeTestTask.java:166)\n\tat org.junit.platform.engine.support.hierarchical.Node.around(Node.java:138)\n\tat org.junit.platform.engine.support.hierarchical.NodeTestTask.lambda$executeRecursively$0(NodeTestTask.java:164)\n\tat org.junit.platform.engine.support.hierarchical.ThrowableCollector.execute(ThrowableCollector.java:74)\n\tat org.junit.platform.engine.support.hierarchical.NodeTestTask.executeRecursively(NodeTestTask.java:163)\n\tat org.junit.platform.engine.support.hierarchical.NodeTestTask.execute(NodeTestTask.java:116)\n\tat org.junit.platform.engine.support.hierarchical.ForkJoinPoolHierarchicalTestExecutorService$ExclusiveTask.exec(ForkJoinPoolHierarchicalTestExecutorService.java:253)\n\tat java.base/java.util.concurrent.ForkJoinTask.doExec(ForkJoinTask.java:387)\n\tat java.base/java.util.concurrent.ForkJoinPool$WorkQueue.tryRemoveAndExec(ForkJoinPool.java:1351)\n\tat java.base/java.util.concurrent.ForkJoinTask.awaitDone(ForkJoinTask.java:422)\n\tat java.base/java.util.concurrent.ForkJoinTask.join(ForkJoinTask.java:651)\n\tat org.junit.platform.engine.support.hierarchical.ForkJoinPoolHierarchicalTestExecutorService.joinConcurrentTasksInReverseOrderToEnableWorkStealing(ForkJoinPoolHierarchicalTestExecutorService.java:175)\n\tat org.junit.platform.engine.support.hierarchical.ForkJoinPoolHierarchicalTestExecutorService.invokeAll(ForkJoinPoolHierarchicalTestExecutorService.java:141)\n\tat org.junit.platform.engine.support.hierarchical.NodeTestTask.lambda$executeRecursively$2(NodeTestTask.java:180)\n\tat org.junit.platform.engine.support.hierarchical.ThrowableCollector.execute(ThrowableCollector.java:74)\n\tat org.junit.platform.engine.support.hierarchical.NodeTestTask.lambda$executeRecursively$1(NodeTestTask.java:166)\n\tat org.junit.platform.engine.support.hierarchical.Node.around(Node.java:138)\n\tat org.junit.platform.engine.support.hierarchical.NodeTestTask.lambda$executeRecursively$0(NodeTestTask.java:164)\n\tat org.junit.platform.engine.support.hierarchical.ThrowableCollector.execute(ThrowableCollector.java:74)\n\tat org.junit.platform.engine.support.hierarchical.NodeTestTask.executeRecursively(NodeTestTask.java:163)\n\tat org.junit.platform.engine.support.hierarchical.NodeTestTask.execute(NodeTestTask.java:116)\n\tat org.junit.platform.engine.support.hierarchical.ForkJoinPoolHierarchicalTestExecutorService$ExclusiveTask.exec(ForkJoinPoolHierarchicalTestExecutorService.java:253)\n\tat java.base/java.util.concurrent.ForkJoinTask.doExec(ForkJoinTask.java:387)\n\tat java.base/java.util.concurrent.ForkJoinPool$WorkQueue.tryRemoveAndExec(ForkJoinPool.java:1351)\n\tat java.base/java.util.concurrent.ForkJoinTask.awaitDone(ForkJoinTask.java:422)\n\tat java.base/java.util.concurrent.ForkJoinTask.join(ForkJoinTask.java:651)\n\tat org.junit.platform.engine.support.hierarchical.ForkJoinPoolHierarchicalTestExecutorService.joinConcurrentTasksInReverseOrderToEnableWorkStealing(ForkJoinPoolHierarchicalTestExecutorService.java:175)\n\tat org.junit.platform.engine.support.hierarchical.ForkJoinPoolHierarchicalTestExecutorService.invokeAll(ForkJoinPoolHierarchicalTestExecutorService.java:141)\n\tat org.junit.platform.engine.support.hierarchical.NodeTestTask.lambda$executeRecursively$2(NodeTestTask.java:180)\n\tat org.junit.platform.engine.support.hierarchical.ThrowableCollector.execute(ThrowableCollector.java:74)\n\tat org.junit.platform.engine.support.hierarchical.NodeTestTask.lambda$executeRecursively$1(NodeTestTask.java:166)\n\tat org.junit.platform.engine.support.hierarchical.Node.around(Node.java:138)\n\tat org.junit.platform.engine.support.hierarchical.NodeTestTask.lambda$executeRecursively$0(NodeTestTask.java:164)\n\tat org.junit.platform.engine.support.hierarchical.ThrowableCollector.execute(ThrowableCollector.java:74)\n\tat org.junit.platform.engine.support.hierarchical.NodeTestTask.executeRecursively(NodeTestTask.java:163)\n\tat org.junit.platform.engine.support.hierarchical.NodeTestTask.execute(NodeTestTask.java:116)\n\tat org.junit.platform.engine.support.hierarchical.ForkJoinPoolHierarchicalTestExecutorService$ExclusiveTask.exec(ForkJoinPoolHierarchicalTestExecutorService.java:253)\n\tat java.base/java.util.concurrent.ForkJoinTask.doExec(ForkJoinTask.java:387)\n\tat java.base/java.util.concurrent.ForkJoinPool$WorkQueue.topLevelExec(ForkJoinPool.java:1312)\n\tat java.base/java.util.concurrent.ForkJoinPool.scan(ForkJoinPool.java:1843)\n\tat java.base/java.util.concurrent.ForkJoinPool.runWorker(ForkJoinPool.java:1808)\n\tat java.base/java.util.concurrent.ForkJoinWorkerThread.run(ForkJoinWorkerThread.java:188)\n","steps":[],"attachments":[],"parameters":[],"stepsCount":0,"shouldDisplayMessage":true,"attachmentsCount":0,"hasContent":true,"attachmentStep":false}],"attachments":[{"uid":"bbf61132dad020e9","name":"\uD83D\uDCF8 Failure Screenshot","source":"bbf61132dad020e9.png","type":"image/png","size":29277},{"uid":"4371061a72919e07","name":"Stdout","source":"4371061a72919e07.txt","type":"text/plain","size":193}],"parameters":[],"stepsCount":6,"shouldDisplayMessage":false,"attachmentsCount":2,"hasContent":true,"attachmentStep":false},"afterStages":[],"labels":[{"name":"tag","value":"regression"},{"name":"tag","value":"Tables"},{"name":"junit.platform.uniqueid","value":"[engine:junit-jupiter]/[class:com.cdTester.tests.selenium.web.tables.TablesTest]/[method:colNumberByHeaderWithoutTHead()]"},{"name":"epic","value":"Epic: Working with web tables"},{"name":"feature","value":"Feature: Tables Tests"},{"name":"owner","value":"QA/Chris"},{"name":"story","value":"Story: Find a table column"},{"name":"host","value":"runnervmoqczp"},{"name":"thread","value":"2718@runnervmoqczp.ForkJoinPool-1-worker-1(26)"},{"name":"framework","value":"junit-platform"},{"name":"language","value":"java"},{"name":"package","value":"com.cdTester.tests.selenium.web.tables.TablesTest"},{"name":"testClass","value":"com.cdTester.tests.selenium.web.tables.TablesTest"},{"name":"testMethod","value":"colNumberByHeaderWithoutTHead"},{"name":"suite","value":"com.cdTester.tests.selenium.web.tables.TablesTest"},{"name":"severity","value":"critical"},{"name":"resultFormat","value":"allure2"}],"parameters":[{"name":"Browser","value":"chrome"}],"links":[{"name":"BUG-1182","url":"https://jira.example.com/browse/BUG-1182","type":"issue"},{"name":"TC-182","url":"https://testrail.example.com/TC-182","type":"tms"}],"hidden":false,"retry":false,"extra":{"severity":"critical","owner":"QA/Chris","retries":[],"categories":[{"name":"Test defects","matchedStatuses":[],"flaky":false}],"tags":["regression","Tables"]},"source":"af62859d5220749f.json","parameterValues":["chrome"]}