{"uid":"5d156ee11ce3eb94","name":"Should be able to find box using implicit wait","fullName":"com.cdTester.tests.selenium.web.waits.WaitsTest.implicit","historyId":"7dd6dc8fa44fae21b7925a31da685926","time":{"start":1764426975083,"stop":1764426982775,"duration":7692},"description":"","status":"broken","statusMessage":"Cannot read field \"dynamic\" because \"this.url\" is null","statusTrace":"java.lang.NullPointerException: Cannot read field \"dynamic\" because \"this.url\" is null\n\tat com.cdTester.tests.selenium.web.waits.WaitsTest.implicit(WaitsTest.java:60)\n","flaky":false,"newFailed":false,"newBroken":false,"newPassed":false,"retriesCount":0,"retriesStatusChange":false,"beforeStages":[],"testStage":{"description":"","status":"broken","statusMessage":"Cannot read field \"dynamic\" because \"this.url\" is null","statusTrace":"java.lang.NullPointerException: Cannot read field \"dynamic\" because \"this.url\" is null\n\tat com.cdTester.tests.selenium.web.waits.WaitsTest.implicit(WaitsTest.java:60)\n","steps":[{"name":"ChromeOptions","time":{"start":1764426975103,"stop":1764426975112,"duration":9},"status":"passed","steps":[],"attachments":[],"parameters":[{"name":"Options","value":"Capabilities {browserName: chrome, goog:chromeOptions: {args: [disable-search-engine-choic..., --headless=new], extensions: []}, timeouts: {implicit: 2000}}"}],"stepsCount":0,"shouldDisplayMessage":false,"attachmentsCount":0,"hasContent":true,"attachmentStep":false},{"name":"Starting ChromeDriver","time":{"start":1764426975113,"stop":1764426982666,"duration":7553},"status":"passed","steps":[],"attachments":[],"parameters":[{"name":"Driver","value":"ChromeDriver: chrome on linux (4894f0c00a72d1930c67946661f62ab4)"}],"stepsCount":0,"shouldDisplayMessage":false,"attachmentsCount":0,"hasContent":true,"attachmentStep":false}],"attachments":[],"parameters":[],"stepsCount":2,"shouldDisplayMessage":true,"attachmentsCount":0,"hasContent":true,"attachmentStep":false},"afterStages":[],"labels":[{"name":"tag","value":"smoke"},{"name":"tag","value":"wait"},{"name":"junit.platform.uniqueid","value":"[engine:junit-jupiter]/[class:com.cdTester.tests.selenium.web.waits.WaitsTest]/[method:implicit()]"},{"name":"host","value":"runnervmg1sw1"},{"name":"thread","value":"2653@runnervmg1sw1.ForkJoinPool-1-worker-1(26)"},{"name":"framework","value":"junit-platform"},{"name":"language","value":"java"},{"name":"package","value":"com.cdTester.tests.selenium.web.waits.WaitsTest"},{"name":"testClass","value":"com.cdTester.tests.selenium.web.waits.WaitsTest"},{"name":"testMethod","value":"implicit"},{"name":"suite","value":"com.cdTester.tests.selenium.web.waits.WaitsTest"},{"name":"resultFormat","value":"allure2"}],"parameters":[{"name":"Browser","value":"chrome"}],"links":[],"hidden":false,"retry":false,"extra":{"severity":"normal","retries":[],"categories":[{"name":"Test defects","matchedStatuses":[],"flaky":false}],"history":{"statistic":{"failed":0,"broken":2,"skipped":0,"passed":0,"unknown":0,"total":2},"items":[{"uid":"7d3b65abf5b42854","reportUrl":"https://CDTester.github.io/JUnit-Selenium/15/#testresult/7d3b65abf5b42854","status":"broken","statusDetails":"Cannot read field \"dynamic\" because \"this.url\" is null","time":{"start":1764364703416,"stop":1764364711289,"duration":7873}}]},"tags":["wait","smoke"]},"source":"5d156ee11ce3eb94.json","parameterValues":["chrome"]}